>> Thin web server (v1.5.0 codename Knife)
>> Maximum connections set to 1024
>> Listening on 0.0.0.0:9292, CTRL+C to stop
[Params]
{}
[Params]
{}
[Params]
{}
[Params]
{}
[Params]
{}
[Params]
{}
[Params]
{}
127.0.0.1 - - [07/Feb/2013 22:31:10] "GET /favicon.ico HTTP/1.1" 404 447 0.0182
127.0.0.1 - - [07/Feb/2013 22:31:16] "GET / HTTP/1.1" 200 429 0.0071
127.0.0.1 - - [07/Feb/2013 22:31:16] "GET /styles.css HTTP/1.1" 304 - 0.0018
127.0.0.1 - - [07/Feb/2013 22:31:16] "GET /favicon.ico HTTP/1.1" 404 447 0.0015
127.0.0.1 - - [07/Feb/2013 22:31:25] "GET /favicon.ico HTTP/1.1" 404 447 0.0015
NoMethodError - undefined method `h' for #<Sinatra::Application:0x00000002741948>:
	/home/lordbelgarath/code/simple_pastie/views/show.erb:3:in `evaluate_source'
	/usr/local/rvm/gems/ruby-1.9.3-p194/gems/tilt-1.3.3/lib/tilt/template.rb:209:in `instance_eval'
	/usr/local/rvm/gems/ruby-1.9.3-p194/gems/tilt-1.3.3/lib/tilt/template.rb:209:in `evaluate_source'
	/usr/local/rvm/gems/ruby-1.9.3-p194/gems/tilt-1.3.3/lib/tilt/template.rb:144:in `cached_evaluate'
	/usr/local/rvm/gems/ruby-1.9.3-p194/gems/tilt-1.3.3/lib/tilt/template.rb:127:in `evaluate'
	/usr/local/rvm/gems/ruby-1.9.3-p194/gems/tilt-1.3.3/lib/tilt/template.rb:76:in `render'
	/usr/local/rvm/gems/ruby-1.9.3-p194/gems/sinatra-1.3.4/lib/sinatra/base.rb:711:in `render'
	/usr/local/rvm/gems/ruby-1.9.3-p194/gems/sinatra-1.3.4/lib/sinatra/base.rb:597:in `erb'
	/home/lordbelgarath/code/simple_pastie/pastie.rb:23:in `block in <top (required)>'
	/usr/local/rvm/gems/ruby-1.9.3-p194/gems/sinatra-1.3.4/lib/sinatra/base.rb:1293:in `call'
	/usr/local/rvm/gems/ruby-1.9.3-p194/gems/sinatra-1.3.4/lib/sinatra/base.rb:1293:in `block in compile!'
	/usr/local/rvm/gems/ruby-1.9.3-p194/gems/sinatra-1.3.4/lib/sinatra/base.rb:860:in `[]'
	/usr/local/rvm/gems/ruby-1.9.3-p194/gems/sinatra-1.3.4/lib/sinatra/base.rb:860:in `block (3 levels) in route!'
	/usr/local/rvm/gems/ruby-1.9.3-p194/gems/sinatra-1.3.4/lib/sinatra/base.rb:876:in `route_eval'
	/usr/local/rvm/gems/ruby-1.9.3-p194/gems/sinatra-1.3.4/lib/sinatra/base.rb:860:in `block (2 levels) in route!'
	/usr/local/rvm/gems/ruby-1.9.3-p194/gems/sinatra-1.3.4/lib/sinatra/base.rb:897:in `block in process_route'
	/usr/local/rvm/gems/ruby-1.9.3-p194/gems/sinatra-1.3.4/lib/sinatra/base.rb:895:in `catch'
	/usr/local/rvm/gems/ruby-1.9.3-p194/gems/sinatra-1.3.4/lib/sinatra/base.rb:895:in `process_route'
	/usr/local/rvm/gems/ruby-1.9.3-p194/gems/sinatra-1.3.4/lib/sinatra/base.rb:859:in `block in route!'
	/usr/local/rvm/gems/ruby-1.9.3-p194/gems/sinatra-1.3.4/lib/sinatra/base.rb:858:in `each'
	/usr/local/rvm/gems/ruby-1.9.3-p194/gems/sinatra-1.3.4/lib/sinatra/base.rb:858:in `route!'
	/usr/local/rvm/gems/ruby-1.9.3-p194/gems/sinatra-1.3.4/lib/sinatra/base.rb:963:in `block in dispatch!'
	/usr/local/rvm/gems/ruby-1.9.3-p194/gems/sinatra-1.3.4/lib/sinatra/base.rb:946:in `block in invoke'
	/usr/local/rvm/gems/ruby-1.9.3-p194/gems/sinatra-1.3.4/lib/sinatra/base.rb:946:in `catch'
	/usr/local/rvm/gems/ruby-1.9.3-p194/gems/sinatra-1.3.4/lib/sinatra/base.rb:946:in `invoke'
	/usr/local/rvm/gems/ruby-1.9.3-p194/gems/sinatra-1.3.4/lib/sinatra/base.rb:960:in `dispatch!'
	/usr/local/rvm/gems/ruby-1.9.3-p194/gems/sinatra-1.3.4/lib/sinatra/base.rb:794:in `block in call!'
	/usr/local/rvm/gems/ruby-1.9.3-p194/gems/sinatra-1.3.4/lib/sinatra/base.rb:946:in `block in invoke'
	/usr/local/rvm/gems/ruby-1.9.3-p194/gems/sinatra-1.3.4/lib/sinatra/base.rb:946:in `catch'
	/usr/local/rvm/gems/ruby-1.9.3-p194/gems/sinatra-1.3.4/lib/sinatra/base.rb:946:in `invoke'
	/usr/local/rvm/gems/ruby-1.9.3-p194/gems/sinatra-1.3.4/lib/sinatra/base.rb:794:in `call!'
	/usr/local/rvm/gems/ruby-1.9.3-p194/gems/sinatra-1.3.4/lib/sinatra/base.rb:780:in `call'
	/usr/local/rvm/gems/ruby-1.9.3-p194/gems/rack-protection-1.3.2/lib/rack/protection/xss_header.rb:27:in `call'
	/usr/local/rvm/gems/ruby-1.9.3-p194/gems/rack-protection-1.3.2/lib/rack/protection/path_traversal.rb:16:in `call'
	/usr/local/rvm/gems/ruby-1.9.3-p194/gems/rack-protection-1.3.2/lib/rack/protection/json_csrf.rb:17:in `call'
	/usr/local/rvm/gems/ruby-1.9.3-p194/gems/rack-protection-1.3.2/lib/rack/protection/base.rb:48:in `call'
	/usr/local/rvm/gems/ruby-1.9.3-p194/gems/rack-protection-1.3.2/lib/rack/protection/base.rb:48:in `call'
	/usr/local/rvm/gems/ruby-1.9.3-p194/gems/rack-protection-1.3.2/lib/rack/protection/xss_header.rb:27:in `call'
	/usr/local/rvm/gems/ruby-1.9.3-p194/gems/rack-1.5.0/lib/rack/logger.rb:15:in `call'
	/usr/local/rvm/gems/ruby-1.9.3-p194/gems/sinatra-1.3.4/lib/sinatra/base.rb:154:in `call'
	/usr/local/rvm/gems/ruby-1.9.3-p194/gems/rack-1.5.0/lib/rack/head.rb:11:in `call'
	/usr/local/rvm/gems/ruby-1.9.3-p194/gems/rack-1.5.0/lib/rack/methodoverride.rb:21:in `call'
	/usr/local/rvm/gems/ruby-1.9.3-p194/gems/sinatra-1.3.4/lib/sinatra/base.rb:124:in `call'
	/usr/local/rvm/gems/ruby-1.9.3-p194/gems/sinatra-1.3.4/lib/sinatra/base.rb:1417:in `block in call'
	/usr/local/rvm/gems/ruby-1.9.3-p194/gems/sinatra-1.3.4/lib/sinatra/base.rb:1499:in `synchronize'
	/usr/local/rvm/gems/ruby-1.9.3-p194/gems/sinatra-1.3.4/lib/sinatra/base.rb:1417:in `call'
	/usr/local/rvm/gems/ruby-1.9.3-p194/gems/rack-1.5.0/lib/rack/lint.rb:49:in `_call'
	/usr/local/rvm/gems/ruby-1.9.3-p194/gems/rack-1.5.0/lib/rack/lint.rb:37:in `call'
	/usr/local/rvm/gems/ruby-1.9.3-p194/gems/rack-1.5.0/lib/rack/showexceptions.rb:24:in `call'
	/usr/local/rvm/gems/ruby-1.9.3-p194/gems/rack-1.5.0/lib/rack/commonlogger.rb:33:in `call'
	/usr/local/rvm/gems/ruby-1.9.3-p194/gems/sinatra-1.3.4/lib/sinatra/base.rb:161:in `call'
	/usr/local/rvm/gems/ruby-1.9.3-p194/gems/rack-1.5.0/lib/rack/chunked.rb:43:in `call'
	/usr/local/rvm/gems/ruby-1.9.3-p194/gems/rack-1.5.0/lib/rack/content_length.rb:14:in `call'
	/usr/local/rvm/gems/ruby-1.9.3-p194/gems/thin-1.5.0/lib/thin/connection.rb:81:in `block in pre_process'
	/usr/local/rvm/gems/ruby-1.9.3-p194/gems/thin-1.5.0/lib/thin/connection.rb:79:in `catch'
	/usr/local/rvm/gems/ruby-1.9.3-p194/gems/thin-1.5.0/lib/thin/connection.rb:79:in `pre_process'
	/usr/local/rvm/gems/ruby-1.9.3-p194/gems/thin-1.5.0/lib/thin/connection.rb:54:in `process'
	/usr/local/rvm/gems/ruby-1.9.3-p194/gems/thin-1.5.0/lib/thin/connection.rb:39:in `receive_data'
	/usr/local/rvm/gems/ruby-1.9.3-p194/gems/eventmachine-1.0.0/lib/eventmachine.rb:187:in `run_machine'
	/usr/local/rvm/gems/ruby-1.9.3-p194/gems/eventmachine-1.0.0/lib/eventmachine.rb:187:in `run'
	/usr/local/rvm/gems/ruby-1.9.3-p194/gems/thin-1.5.0/lib/thin/backends/base.rb:63:in `start'
	/usr/local/rvm/gems/ruby-1.9.3-p194/gems/thin-1.5.0/lib/thin/server.rb:159:in `start'
	/usr/local/rvm/gems/ruby-1.9.3-p194/gems/rack-1.5.0/lib/rack/handler/thin.rb:16:in `run'
	/usr/local/rvm/gems/ruby-1.9.3-p194/gems/rack-1.5.0/lib/rack/server.rb:264:in `start'
	/usr/local/rvm/gems/ruby-1.9.3-p194/gems/rack-1.5.0/lib/rack/server.rb:141:in `start'
	/usr/local/rvm/gems/ruby-1.9.3-p194/gems/rack-1.5.0/bin/rackup:4:in `<top (required)>'
	/usr/local/rvm/gems/ruby-1.9.3-p194/bin/rackup:19:in `load'
	/usr/local/rvm/gems/ruby-1.9.3-p194/bin/rackup:19:in `<main>'
127.0.0.1 - - [07/Feb/2013 22:31:28] "GET /show/9218705790205 HTTP/1.1" 500 30 0.0019
127.0.0.1 - - [07/Feb/2013 22:31:28] "GET /favicon.ico HTTP/1.1" 404 447 0.0010
NoMethodError - undefined method `h' for #<Sinatra::Application:0x00000002a28d50>:
	/home/lordbelgarath/code/simple_pastie/views/show.erb:5:in `block in singletonclass'
	/home/lordbelgarath/code/simple_pastie/views/show.erb:65532:in `instance_eval'
	/home/lordbelgarath/code/simple_pastie/views/show.erb:65532:in `singletonclass'
	/home/lordbelgarath/code/simple_pastie/views/show.erb:65530:in `__tilt_17696740'
	/usr/local/rvm/gems/ruby-1.9.3-p194/gems/tilt-1.3.3/lib/tilt/template.rb:140:in `call'
	/usr/local/rvm/gems/ruby-1.9.3-p194/gems/tilt-1.3.3/lib/tilt/template.rb:140:in `cached_evaluate'
	/usr/local/rvm/gems/ruby-1.9.3-p194/gems/tilt-1.3.3/lib/tilt/template.rb:127:in `evaluate'
	/usr/local/rvm/gems/ruby-1.9.3-p194/gems/tilt-1.3.3/lib/tilt/template.rb:76:in `render'
	/usr/local/rvm/gems/ruby-1.9.3-p194/gems/sinatra-1.3.4/lib/sinatra/base.rb:711:in `render'
	/usr/local/rvm/gems/ruby-1.9.3-p194/gems/sinatra-1.3.4/lib/sinatra/base.rb:597:in `erb'
	/home/lordbelgarath/code/simple_pastie/pastie.rb:23:in `block in <top (required)>'
	/usr/local/rvm/gems/ruby-1.9.3-p194/gems/sinatra-1.3.4/lib/sinatra/base.rb:1293:in `call'
	/usr/local/rvm/gems/ruby-1.9.3-p194/gems/sinatra-1.3.4/lib/sinatra/base.rb:1293:in `block in compile!'
	/usr/local/rvm/gems/ruby-1.9.3-p194/gems/sinatra-1.3.4/lib/sinatra/base.rb:860:in `[]'
	/usr/local/rvm/gems/ruby-1.9.3-p194/gems/sinatra-1.3.4/lib/sinatra/base.rb:860:in `block (3 levels) in route!'
	/usr/local/rvm/gems/ruby-1.9.3-p194/gems/sinatra-1.3.4/lib/sinatra/base.rb:876:in `route_eval'
	/usr/local/rvm/gems/ruby-1.9.3-p194/gems/sinatra-1.3.4/lib/sinatra/base.rb:860:in `block (2 levels) in route!'
	/usr/local/rvm/gems/ruby-1.9.3-p194/gems/sinatra-1.3.4/lib/sinatra/base.rb:897:in `block in process_route'
	/usr/local/rvm/gems/ruby-1.9.3-p194/gems/sinatra-1.3.4/lib/sinatra/base.rb:895:in `catch'
	/usr/local/rvm/gems/ruby-1.9.3-p194/gems/sinatra-1.3.4/lib/sinatra/base.rb:895:in `process_route'
	/usr/local/rvm/gems/ruby-1.9.3-p194/gems/sinatra-1.3.4/lib/sinatra/base.rb:859:in `block in route!'
	/usr/local/rvm/gems/ruby-1.9.3-p194/gems/sinatra-1.3.4/lib/sinatra/base.rb:858:in `each'
	/usr/local/rvm/gems/ruby-1.9.3-p194/gems/sinatra-1.3.4/lib/sinatra/base.rb:858:in `route!'
	/usr/local/rvm/gems/ruby-1.9.3-p194/gems/sinatra-1.3.4/lib/sinatra/base.rb:963:in `block in dispatch!'
	/usr/local/rvm/gems/ruby-1.9.3-p194/gems/sinatra-1.3.4/lib/sinatra/base.rb:946:in `block in invoke'
	/usr/local/rvm/gems/ruby-1.9.3-p194/gems/sinatra-1.3.4/lib/sinatra/base.rb:946:in `catch'
	/usr/local/rvm/gems/ruby-1.9.3-p194/gems/sinatra-1.3.4/lib/sinatra/base.rb:946:in `invoke'
	/usr/local/rvm/gems/ruby-1.9.3-p194/gems/sinatra-1.3.4/lib/sinatra/base.rb:960:in `dispatch!'
	/usr/local/rvm/gems/ruby-1.9.3-p194/gems/sinatra-1.3.4/lib/sinatra/base.rb:794:in `block in call!'
	/usr/local/rvm/gems/ruby-1.9.3-p194/gems/sinatra-1.3.4/lib/sinatra/base.rb:946:in `block in invoke'
	/usr/local/rvm/gems/ruby-1.9.3-p194/gems/sinatra-1.3.4/lib/sinatra/base.rb:946:in `catch'
	/usr/local/rvm/gems/ruby-1.9.3-p194/gems/sinatra-1.3.4/lib/sinatra/base.rb:946:in `invoke'
	/usr/local/rvm/gems/ruby-1.9.3-p194/gems/sinatra-1.3.4/lib/sinatra/base.rb:794:in `call!'
	/usr/local/rvm/gems/ruby-1.9.3-p194/gems/sinatra-1.3.4/lib/sinatra/base.rb:780:in `call'
	/usr/local/rvm/gems/ruby-1.9.3-p194/gems/rack-protection-1.3.2/lib/rack/protection/xss_header.rb:27:in `call'
	/usr/local/rvm/gems/ruby-1.9.3-p194/gems/rack-protection-1.3.2/lib/rack/protection/path_traversal.rb:16:in `call'
	/usr/local/rvm/gems/ruby-1.9.3-p194/gems/rack-protection-1.3.2/lib/rack/protection/json_csrf.rb:17:in `call'
	/usr/local/rvm/gems/ruby-1.9.3-p194/gems/rack-protection-1.3.2/lib/rack/protection/base.rb:48:in `call'
	/usr/local/rvm/gems/ruby-1.9.3-p194/gems/rack-protection-1.3.2/lib/rack/protection/base.rb:48:in `call'
	/usr/local/rvm/gems/ruby-1.9.3-p194/gems/rack-protection-1.3.2/lib/rack/protection/xss_header.rb:27:in `call'
	/usr/local/rvm/gems/ruby-1.9.3-p194/gems/rack-1.5.0/lib/rack/logger.rb:15:in `call'
	/usr/local/rvm/gems/ruby-1.9.3-p194/gems/sinatra-1.3.4/lib/sinatra/base.rb:154:in `call'
	/usr/local/rvm/gems/ruby-1.9.3-p194/gems/rack-1.5.0/lib/rack/head.rb:11:in `call'
	/usr/local/rvm/gems/ruby-1.9.3-p194/gems/rack-1.5.0/lib/rack/methodoverride.rb:21:in `call'
	/usr/local/rvm/gems/ruby-1.9.3-p194/gems/sinatra-1.3.4/lib/sinatra/base.rb:124:in `call'
	/usr/local/rvm/gems/ruby-1.9.3-p194/gems/sinatra-1.3.4/lib/sinatra/base.rb:1417:in `block in call'
	/usr/local/rvm/gems/ruby-1.9.3-p194/gems/sinatra-1.3.4/lib/sinatra/base.rb:1499:in `synchronize'
	/usr/local/rvm/gems/ruby-1.9.3-p194/gems/sinatra-1.3.4/lib/sinatra/base.rb:1417:in `call'
	/usr/local/rvm/gems/ruby-1.9.3-p194/gems/rack-1.5.0/lib/rack/lint.rb:49:in `_call'
	/usr/local/rvm/gems/ruby-1.9.3-p194/gems/rack-1.5.0/lib/rack/lint.rb:37:in `call'
	/usr/local/rvm/gems/ruby-1.9.3-p194/gems/rack-1.5.0/lib/rack/showexceptions.rb:24:in `call'
	/usr/local/rvm/gems/ruby-1.9.3-p194/gems/rack-1.5.0/lib/rack/commonlogger.rb:33:in `call'
	/usr/local/rvm/gems/ruby-1.9.3-p194/gems/sinatra-1.3.4/lib/sinatra/base.rb:161:in `call'
	/usr/local/rvm/gems/ruby-1.9.3-p194/gems/rack-1.5.0/lib/rack/chunked.rb:43:in `call'
	/usr/local/rvm/gems/ruby-1.9.3-p194/gems/rack-1.5.0/lib/rack/content_length.rb:14:in `call'
	/usr/local/rvm/gems/ruby-1.9.3-p194/gems/thin-1.5.0/lib/thin/connection.rb:81:in `block in pre_process'
	/usr/local/rvm/gems/ruby-1.9.3-p194/gems/thin-1.5.0/lib/thin/connection.rb:79:in `catch'
	/usr/local/rvm/gems/ruby-1.9.3-p194/gems/thin-1.5.0/lib/thin/connection.rb:79:in `pre_process'
	/usr/local/rvm/gems/ruby-1.9.3-p194/gems/thin-1.5.0/lib/thin/connection.rb:54:in `process'
	/usr/local/rvm/gems/ruby-1.9.3-p194/gems/thin-1.5.0/lib/thin/connection.rb:39:in `receive_data'
	/usr/local/rvm/gems/ruby-1.9.3-p194/gems/eventmachine-1.0.0/lib/eventmachine.rb:187:in `run_machine'
	/usr/local/rvm/gems/ruby-1.9.3-p194/gems/eventmachine-1.0.0/lib/eventmachine.rb:187:in `run'
	/usr/local/rvm/gems/ruby-1.9.3-p194/gems/thin-1.5.0/lib/thin/backends/base.rb:63:in `start'
	/usr/local/rvm/gems/ruby-1.9.3-p194/gems/thin-1.5.0/lib/thin/server.rb:159:in `start'
	/usr/local/rvm/gems/ruby-1.9.3-p194/gems/rack-1.5.0/lib/rack/handler/thin.rb:16:in `run'
	/usr/local/rvm/gems/ruby-1.9.3-p194/gems/rack-1.5.0/lib/rack/server.rb:264:in `start'
	/usr/local/rvm/gems/ruby-1.9.3-p194/gems/rack-1.5.0/lib/rack/server.rb:141:in `start'
	/usr/local/rvm/gems/ruby-1.9.3-p194/gems/rack-1.5.0/bin/rackup:4:in `<top (required)>'
	/usr/local/rvm/gems/ruby-1.9.3-p194/bin/rackup:19:in `load'
	/usr/local/rvm/gems/ruby-1.9.3-p194/bin/rackup:19:in `<main>'[Params]
{}
[Params]
{}
[Params]
{}
[Params]
{}
[Params]
{}
>> Stopping ...

127.0.0.1 - - [07/Feb/2013 22:31:30] "GET /show/9218705790205 HTTP/1.1" 500 30 0.0055
127.0.0.1 - - [07/Feb/2013 22:31:30] "GET /favicon.ico HTTP/1.1" 404 447 0.0017
127.0.0.1 - - [07/Feb/2013 22:31:31] "GET /favicon.ico HTTP/1.1" 404 447 0.0009
127.0.0.1 - - [07/Feb/2013 22:31:32] "GET /favicon.ico HTTP/1.1" 404 447 0.0014
127.0.0.1 - - [07/Feb/2013 22:31:32] "GET /favicon.ico HTTP/1.1" 404 447 0.0013
127.0.0.1 - - [07/Feb/2013 22:31:33] "GET /favicon.ico HTTP/1.1" 404 447 0.0010
>> Thin web server (v1.5.0 codename Knife)
>> Maximum connections set to 1024
>> Listening on 0.0.0.0:9292, CTRL+C to stop
>> Stopping ...
